<?xml version="1.0" encoding="UTF-8"?>
<!-- Generated by org.testng.reporters.JUnitReportReporter -->
<testsuite hostname="DTC3016" failures="0" tests="1" name="com.newpack.Example1" time="0.006" errors="0" timestamp="2023-04-12T15:39:37 IST" skipped="0">
  <testcase classname="com.newpack.Example1" name="Login" time="0.006"/>
  <system-out/>
</testsuite> <!-- com.newpack.Example1 -->
